{"C:\\Users\\tme\\Desktop\\se-api-rate-limiter\\se-api-rate-limiter\\src\\algorithms\\factory.js": {"path":"C:\\Users\\tme\\Desktop\\se-api-rate-limiter\\se-api-rate-limiter\\src\\algorithms\\factory.js","statementMap":{"0":{"start":{"line":8,"column":2},"end":{"line":15,"column":3}},"1":{"start":{"line":10,"column":6},"end":{"line":10,"column":49}},"2":{"start":{"line":12,"column":6},"end":{"line":12,"column":49}},"3":{"start":{"line":14,"column":6},"end":{"line":14,"column":57}}},"fnMap":{"0":{"name":"createRateLimiter","decl":{"start":{"line":7,"column":16},"end":{"line":7,"column":33}},"loc":{"start":{"line":7,"column":49},"end":{"line":16,"column":1}},"line":7}},"branchMap":{"0":{"loc":{"start":{"line":8,"column":2},"end":{"line":15,"column":3}},"type":"switch","locations":[{"start":{"line":9,"column":4},"end":{"line":10,"column":49}},{"start":{"line":11,"column":4},"end":{"line":12,"column":49}},{"start":{"line":13,"column":4},"end":{"line":14,"column":57}}],"line":8}},"s":{"0":2,"1":1,"2":0,"3":1},"f":{"0":2},"b":{"0":[1,0,1]},"inputSourceMap":null,"_coverageSchema":"1a1c01bbd47fc00a2c39e90264f33305004495a9","hash":"d722c12f8479dd7789de63bc18dbaa25d2189f72"}
,"C:\\Users\\tme\\Desktop\\se-api-rate-limiter\\se-api-rate-limiter\\src\\algorithms\\fixedWindow.js": {"path":"C:\\Users\\tme\\Desktop\\se-api-rate-limiter\\se-api-rate-limiter\\src\\algorithms\\fixedWindow.js","statementMap":{"0":{"start":{"line":7,"column":4},"end":{"line":7,"column":29}},"1":{"start":{"line":8,"column":4},"end":{"line":8,"column":29}},"2":{"start":{"line":9,"column":4},"end":{"line":9,"column":23}},"3":{"start":{"line":13,"column":22},"end":{"line":13,"column":72}},"4":{"start":{"line":14,"column":15},"end":{"line":14,"column":33}},"5":{"start":{"line":15,"column":4},"end":{"line":15,"column":23}},"6":{"start":{"line":16,"column":4},"end":{"line":16,"column":41}},"7":{"start":{"line":17,"column":20},"end":{"line":17,"column":35}},"8":{"start":{"line":18,"column":4},"end":{"line":18,"column":51}}},"fnMap":{"0":{"name":"(anonymous_0)","decl":{"start":{"line":6,"column":2},"end":{"line":6,"column":3}},"loc":{"start":{"line":6,"column":48},"end":{"line":10,"column":3}},"line":6},"1":{"name":"(anonymous_1)","decl":{"start":{"line":12,"column":2},"end":{"line":12,"column":3}},"loc":{"start":{"line":12,"column":23},"end":{"line":19,"column":3}},"line":12}},"branchMap":{},"s":{"0":2,"1":2,"2":2,"3":1,"4":1,"5":1,"6":1,"7":1,"8":1},"f":{"0":2,"1":1},"b":{},"inputSourceMap":null,"_coverageSchema":"1a1c01bbd47fc00a2c39e90264f33305004495a9","hash":"133bdfb53c8a8032aef120deeb1fcd144cc7419d"}
,"C:\\Users\\tme\\Desktop\\se-api-rate-limiter\\se-api-rate-limiter\\src\\algorithms\\tokenBucket.js": {"path":"C:\\Users\\tme\\Desktop\\se-api-rate-limiter\\se-api-rate-limiter\\src\\algorithms\\tokenBucket.js","statementMap":{"0":{"start":{"line":7,"column":4},"end":{"line":7,"column":29}},"1":{"start":{"line":8,"column":4},"end":{"line":8,"column":33}},"2":{"start":{"line":9,"column":4},"end":{"line":9,"column":33}},"3":{"start":{"line":13,"column":16},"end":{"line":13,"column":26}},"4":{"start":{"line":14,"column":17},"end":{"line":14,"column":64}},"5":{"start":{"line":15,"column":19},"end":{"line":15,"column":49}},"6":{"start":{"line":16,"column":23},"end":{"line":16,"column":45}},"7":{"start":{"line":18,"column":18},"end":{"line":18,"column":54}},"8":{"start":{"line":19,"column":19},"end":{"line":19,"column":54}},"9":{"start":{"line":20,"column":22},"end":{"line":20,"column":64}},"10":{"start":{"line":21,"column":20},"end":{"line":21,"column":33}},"11":{"start":{"line":22,"column":20},"end":{"line":25,"column":5}},"12":{"start":{"line":26,"column":4},"end":{"line":26,"column":55}},"13":{"start":{"line":27,"column":4},"end":{"line":27,"column":50}}},"fnMap":{"0":{"name":"(anonymous_0)","decl":{"start":{"line":6,"column":2},"end":{"line":6,"column":3}},"loc":{"start":{"line":6,"column":55},"end":{"line":10,"column":3}},"line":6},"1":{"name":"(anonymous_1)","decl":{"start":{"line":12,"column":2},"end":{"line":12,"column":3}},"loc":{"start":{"line":12,"column":23},"end":{"line":28,"column":3}},"line":12}},"branchMap":{"0":{"loc":{"start":{"line":14,"column":28},"end":{"line":14,"column":63}},"type":"binary-expr","locations":[{"start":{"line":14,"column":29},"end":{"line":14,"column":54}},{"start":{"line":14,"column":59},"end":{"line":14,"column":63}}],"line":14},"1":{"loc":{"start":{"line":15,"column":19},"end":{"line":15,"column":49}},"type":"binary-expr","locations":[{"start":{"line":15,"column":19},"end":{"line":15,"column":30}},{"start":{"line":15,"column":34},"end":{"line":15,"column":49}}],"line":15},"2":{"loc":{"start":{"line":16,"column":23},"end":{"line":16,"column":45}},"type":"binary-expr","locations":[{"start":{"line":16,"column":23},"end":{"line":16,"column":38}},{"start":{"line":16,"column":42},"end":{"line":16,"column":45}}],"line":16},"3":{"loc":{"start":{"line":23,"column":14},"end":{"line":23,"column":49}},"type":"cond-expr","locations":[{"start":{"line":23,"column":24},"end":{"line":23,"column":37}},{"start":{"line":23,"column":40},"end":{"line":23,"column":49}}],"line":23}},"s":{"0":2,"1":2,"2":2,"3":2,"4":2,"5":2,"6":2,"7":2,"8":2,"9":2,"10":2,"11":2,"12":2,"13":2},"f":{"0":2,"1":2},"b":{"0":[2,2],"1":[2,2],"2":[2,2],"3":[1,1]},"inputSourceMap":null,"_coverageSchema":"1a1c01bbd47fc00a2c39e90264f33305004495a9","hash":"8f49f0ec8612940c93c14d78cd91d91d42e022a4"}
,"C:\\Users\\tme\\Desktop\\se-api-rate-limiter\\se-api-rate-limiter\\src\\controllers\\policyController.js": {"path":"C:\\Users\\tme\\Desktop\\se-api-rate-limiter\\se-api-rate-limiter\\src\\controllers\\policyController.js","statementMap":{"0":{"start":{"line":5,"column":27},"end":{"line":7,"column":1}},"1":{"start":{"line":6,"column":2},"end":{"line":6,"column":64}},"2":{"start":{"line":10,"column":28},"end":{"line":27,"column":1}},"3":{"start":{"line":11,"column":34},"end":{"line":11,"column":42}},"4":{"start":{"line":13,"column":20},"end":{"line":19,"column":3}},"5":{"start":{"line":21,"column":2},"end":{"line":21,"column":27}},"6":{"start":{"line":23,"column":2},"end":{"line":26,"column":5}},"7":{"start":{"line":30,"column":28},"end":{"line":50,"column":1}},"8":{"start":{"line":31,"column":17},"end":{"line":31,"column":27}},"9":{"start":{"line":32,"column":34},"end":{"line":32,"column":42}},"10":{"start":{"line":34,"column":17},"end":{"line":34,"column":49}},"11":{"start":{"line":34,"column":38},"end":{"line":34,"column":48}},"12":{"start":{"line":35,"column":2},"end":{"line":35,"column":76}},"13":{"start":{"line":35,"column":15},"end":{"line":35,"column":76}},"14":{"start":{"line":38,"column":2},"end":{"line":38,"column":36}},"15":{"start":{"line":41,"column":2},"end":{"line":41,"column":21}},"16":{"start":{"line":42,"column":2},"end":{"line":42,"column":23}},"17":{"start":{"line":43,"column":2},"end":{"line":43,"column":25}},"18":{"start":{"line":44,"column":2},"end":{"line":44,"column":22}},"19":{"start":{"line":46,"column":2},"end":{"line":49,"column":5}},"20":{"start":{"line":53,"column":30},"end":{"line":72,"column":1}},"21":{"start":{"line":54,"column":17},"end":{"line":54,"column":27}},"22":{"start":{"line":56,"column":27},"end":{"line":56,"column":66}},"23":{"start":{"line":56,"column":55},"end":{"line":56,"column":65}},"24":{"start":{"line":58,"column":2},"end":{"line":60,"column":3}},"25":{"start":{"line":59,"column":4},"end":{"line":59,"column":75}},"26":{"start":{"line":62,"column":22},"end":{"line":62,"column":44}},"27":{"start":{"line":65,"column":16},"end":{"line":65,"column":53}},"28":{"start":{"line":65,"column":42},"end":{"line":65,"column":52}},"29":{"start":{"line":66,"column":2},"end":{"line":66,"column":32}},"30":{"start":{"line":68,"column":2},"end":{"line":71,"column":5}}},"fnMap":{"0":{"name":"(anonymous_0)","decl":{"start":{"line":5,"column":27},"end":{"line":5,"column":28}},"loc":{"start":{"line":5,"column":41},"end":{"line":7,"column":1}},"line":5},"1":{"name":"(anonymous_1)","decl":{"start":{"line":10,"column":28},"end":{"line":10,"column":29}},"loc":{"start":{"line":10,"column":42},"end":{"line":27,"column":1}},"line":10},"2":{"name":"(anonymous_2)","decl":{"start":{"line":30,"column":28},"end":{"line":30,"column":29}},"loc":{"start":{"line":30,"column":42},"end":{"line":50,"column":1}},"line":30},"3":{"name":"(anonymous_3)","decl":{"start":{"line":34,"column":31},"end":{"line":34,"column":32}},"loc":{"start":{"line":34,"column":38},"end":{"line":34,"column":48}},"line":34},"4":{"name":"(anonymous_4)","decl":{"start":{"line":53,"column":30},"end":{"line":53,"column":31}},"loc":{"start":{"line":53,"column":44},"end":{"line":72,"column":1}},"line":53},"5":{"name":"(anonymous_5)","decl":{"start":{"line":56,"column":48},"end":{"line":56,"column":49}},"loc":{"start":{"line":56,"column":55},"end":{"line":56,"column":65}},"line":56},"6":{"name":"(anonymous_6)","decl":{"start":{"line":65,"column":35},"end":{"line":65,"column":36}},"loc":{"start":{"line":65,"column":42},"end":{"line":65,"column":52}},"line":65}},"branchMap":{"0":{"loc":{"start":{"line":35,"column":2},"end":{"line":35,"column":76}},"type":"if","locations":[{"start":{"line":35,"column":2},"end":{"line":35,"column":76}},{"start":{},"end":{}}],"line":35},"1":{"loc":{"start":{"line":58,"column":2},"end":{"line":60,"column":3}},"type":"if","locations":[{"start":{"line":58,"column":2},"end":{"line":60,"column":3}},{"start":{},"end":{}}],"line":58}},"s":{"0":2,"1":3,"2":2,"3":2,"4":2,"5":2,"6":2,"7":2,"8":0,"9":0,"10":0,"11":0,"12":0,"13":0,"14":0,"15":0,"16":0,"17":0,"18":0,"19":0,"20":2,"21":0,"22":0,"23":0,"24":0,"25":0,"26":0,"27":0,"28":0,"29":0,"30":0},"f":{"0":3,"1":2,"2":0,"3":0,"4":0,"5":0,"6":0},"b":{"0":[0,0],"1":[0,0]},"inputSourceMap":null,"_coverageSchema":"1a1c01bbd47fc00a2c39e90264f33305004495a9","hash":"4e67a7df3d449a56e57419863965cdc4522eb2ba"}
,"C:\\Users\\tme\\Desktop\\se-api-rate-limiter\\se-api-rate-limiter\\src\\middleware\\security.js": {"path":"C:\\Users\\tme\\Desktop\\se-api-rate-limiter\\se-api-rate-limiter\\src\\middleware\\security.js","statementMap":{"0":{"start":{"line":2,"column":36},"end":{"line":7,"column":1}},"1":{"start":{"line":3,"column":2},"end":{"line":3,"column":53}},"2":{"start":{"line":4,"column":2},"end":{"line":4,"column":43}},"3":{"start":{"line":5,"column":2},"end":{"line":5,"column":53}},"4":{"start":{"line":6,"column":2},"end":{"line":6,"column":9}}},"fnMap":{"0":{"name":"(anonymous_0)","decl":{"start":{"line":2,"column":36},"end":{"line":2,"column":37}},"loc":{"start":{"line":2,"column":56},"end":{"line":7,"column":1}},"line":2}},"branchMap":{},"s":{"0":2,"1":5,"2":5,"3":5,"4":5},"f":{"0":5},"b":{},"inputSourceMap":null,"_coverageSchema":"1a1c01bbd47fc00a2c39e90264f33305004495a9","hash":"6b4c37ca912c22b90e0ba438b18c5f413d9e3561"}
,"C:\\Users\\tme\\Desktop\\se-api-rate-limiter\\se-api-rate-limiter\\src\\middleware\\validation.js": {"path":"C:\\Users\\tme\\Desktop\\se-api-rate-limiter\\se-api-rate-limiter\\src\\middleware\\validation.js","statementMap":{"0":{"start":{"line":4,"column":30},"end":{"line":16,"column":1}},"1":{"start":{"line":10,"column":19},"end":{"line":10,"column":40}},"2":{"start":{"line":11,"column":4},"end":{"line":13,"column":5}},"3":{"start":{"line":12,"column":6},"end":{"line":12,"column":62}},"4":{"start":{"line":14,"column":4},"end":{"line":14,"column":11}}},"fnMap":{"0":{"name":"(anonymous_0)","decl":{"start":{"line":9,"column":2},"end":{"line":9,"column":3}},"loc":{"start":{"line":9,"column":22},"end":{"line":15,"column":3}},"line":9}},"branchMap":{"0":{"loc":{"start":{"line":11,"column":4},"end":{"line":13,"column":5}},"type":"if","locations":[{"start":{"line":11,"column":4},"end":{"line":13,"column":5}},{"start":{},"end":{}}],"line":11}},"s":{"0":2,"1":4,"2":4,"3":2,"4":2},"f":{"0":4},"b":{"0":[2,2]},"inputSourceMap":null,"_coverageSchema":"1a1c01bbd47fc00a2c39e90264f33305004495a9","hash":"1510a53ec240f49ff2a0698c5448e1e70c0b5f09"}
,"C:\\Users\\tme\\Desktop\\se-api-rate-limiter\\se-api-rate-limiter\\src\\models\\policyHistoryModel.js": {"path":"C:\\Users\\tme\\Desktop\\se-api-rate-limiter\\se-api-rate-limiter\\src\\models\\policyHistoryModel.js","statementMap":{"0":{"start":{"line":2,"column":29},"end":{"line":2,"column":31}}},"fnMap":{},"branchMap":{},"s":{"0":2},"f":{},"b":{},"inputSourceMap":null,"_coverageSchema":"1a1c01bbd47fc00a2c39e90264f33305004495a9","hash":"2979e8f0e440e2700138ccd9be9694537dde5f80"}
,"C:\\Users\\tme\\Desktop\\se-api-rate-limiter\\se-api-rate-limiter\\src\\models\\policyModel.js": {"path":"C:\\Users\\tme\\Desktop\\se-api-rate-limiter\\se-api-rate-limiter\\src\\models\\policyModel.js","statementMap":{"0":{"start":{"line":2,"column":24},"end":{"line":5,"column":1}}},"fnMap":{},"branchMap":{},"s":{"0":2},"f":{},"b":{},"inputSourceMap":null,"_coverageSchema":"1a1c01bbd47fc00a2c39e90264f33305004495a9","hash":"c5860b4f668f34f304c23a590ccf6544168c189d"}
,"C:\\Users\\tme\\Desktop\\se-api-rate-limiter\\se-api-rate-limiter\\src\\routes\\policyRoutes.js": {"path":"C:\\Users\\tme\\Desktop\\se-api-rate-limiter\\se-api-rate-limiter\\src\\routes\\policyRoutes.js","statementMap":{"0":{"start":{"line":5,"column":15},"end":{"line":5,"column":31}},"1":{"start":{"line":7,"column":0},"end":{"line":7,"column":29}},"2":{"start":{"line":8,"column":0},"end":{"line":8,"column":47}},"3":{"start":{"line":9,"column":0},"end":{"line":9,"column":49}},"4":{"start":{"line":10,"column":0},"end":{"line":10,"column":45}}},"fnMap":{},"branchMap":{},"s":{"0":1,"1":1,"2":1,"3":1,"4":1},"f":{},"b":{},"inputSourceMap":null,"_coverageSchema":"1a1c01bbd47fc00a2c39e90264f33305004495a9","hash":"05c47a16785b54d61979fb39ab54c810ba34748b"}
}
