{"C:\\Users\\tme\\Desktop\\se-api-rate-limiter\\se-api-rate-limiter\\src\\app.js": {"path":"C:\\Users\\tme\\Desktop\\se-api-rate-limiter\\se-api-rate-limiter\\src\\app.js","statementMap":{"0":{"start":{"line":18,"column":12},"end":{"line":18,"column":21}},"1":{"start":{"line":19,"column":13},"end":{"line":19,"column":37}},"2":{"start":{"line":22,"column":0},"end":{"line":22,"column":24}},"3":{"start":{"line":23,"column":0},"end":{"line":23,"column":16}},"4":{"start":{"line":24,"column":0},"end":{"line":24,"column":18}},"5":{"start":{"line":25,"column":0},"end":{"line":25,"column":23}},"6":{"start":{"line":26,"column":0},"end":{"line":26,"column":30}},"7":{"start":{"line":29,"column":0},"end":{"line":39,"column":1}},"8":{"start":{"line":30,"column":2},"end":{"line":30,"column":22}},"9":{"start":{"line":33,"column":2},"end":{"line":38,"column":4}},"10":{"start":{"line":42,"column":0},"end":{"line":42,"column":21}},"11":{"start":{"line":45,"column":0},"end":{"line":45,"column":39}},"12":{"start":{"line":46,"column":0},"end":{"line":46,"column":37}},"13":{"start":{"line":47,"column":0},"end":{"line":47,"column":35}},"14":{"start":{"line":50,"column":0},"end":{"line":52,"column":3}},"15":{"start":{"line":51,"column":2},"end":{"line":51,"column":60}},"16":{"start":{"line":55,"column":0},"end":{"line":60,"column":1}},"17":{"start":{"line":56,"column":2},"end":{"line":59,"column":11}},"18":{"start":{"line":57,"column":4},"end":{"line":57,"column":19}},"19":{"start":{"line":58,"column":4},"end":{"line":58,"column":48}},"20":{"start":{"line":63,"column":0},"end":{"line":67,"column":3}},"21":{"start":{"line":70,"column":0},"end":{"line":73,"column":3}},"22":{"start":{"line":71,"column":2},"end":{"line":71,"column":39}},"23":{"start":{"line":72,"column":2},"end":{"line":72,"column":59}},"24":{"start":{"line":76,"column":0},"end":{"line":78,"column":1}},"25":{"start":{"line":77,"column":2},"end":{"line":77,"column":74}},"26":{"start":{"line":77,"column":25},"end":{"line":77,"column":72}}},"fnMap":{"0":{"name":"(anonymous_0)","decl":{"start":{"line":50,"column":13},"end":{"line":50,"column":14}},"loc":{"start":{"line":50,"column":27},"end":{"line":52,"column":1}},"line":50},"1":{"name":"(anonymous_1)","decl":{"start":{"line":56,"column":14},"end":{"line":56,"column":15}},"loc":{"start":{"line":56,"column":20},"end":{"line":59,"column":3}},"line":56},"2":{"name":"(anonymous_2)","decl":{"start":{"line":70,"column":8},"end":{"line":70,"column":9}},"loc":{"start":{"line":70,"column":33},"end":{"line":73,"column":1}},"line":70},"3":{"name":"(anonymous_3)","decl":{"start":{"line":77,"column":19},"end":{"line":77,"column":20}},"loc":{"start":{"line":77,"column":25},"end":{"line":77,"column":72}},"line":77}},"branchMap":{"0":{"loc":{"start":{"line":19,"column":13},"end":{"line":19,"column":37}},"type":"binary-expr","locations":[{"start":{"line":19,"column":13},"end":{"line":19,"column":29}},{"start":{"line":19,"column":33},"end":{"line":19,"column":37}}],"line":19},"1":{"loc":{"start":{"line":29,"column":0},"end":{"line":39,"column":1}},"type":"if","locations":[{"start":{"line":29,"column":0},"end":{"line":39,"column":1}},{"start":{},"end":{}}],"line":29},"2":{"loc":{"start":{"line":55,"column":0},"end":{"line":60,"column":1}},"type":"if","locations":[{"start":{"line":55,"column":0},"end":{"line":60,"column":1}},{"start":{},"end":{}}],"line":55},"3":{"loc":{"start":{"line":76,"column":0},"end":{"line":78,"column":1}},"type":"if","locations":[{"start":{"line":76,"column":0},"end":{"line":78,"column":1}},{"start":{},"end":{}}],"line":76}},"s":{"0":2,"1":2,"2":2,"3":2,"4":2,"5":2,"6":2,"7":2,"8":0,"9":0,"10":2,"11":2,"12":2,"13":2,"14":2,"15":100,"16":2,"17":0,"18":0,"19":0,"20":2,"21":2,"22":0,"23":0,"24":2,"25":0,"26":0},"f":{"0":100,"1":0,"2":0,"3":0},"b":{"0":[2,2],"1":[0,2],"2":[0,2],"3":[0,2]},"inputSourceMap":null,"_coverageSchema":"1a1c01bbd47fc00a2c39e90264f33305004495a9","hash":"40f96cf3bb242833e1604fa18db722c1db349725"}
,"C:\\Users\\tme\\Desktop\\se-api-rate-limiter\\se-api-rate-limiter\\src\\algorithms\\factory.js": {"path":"C:\\Users\\tme\\Desktop\\se-api-rate-limiter\\se-api-rate-limiter\\src\\algorithms\\factory.js","statementMap":{"0":{"start":{"line":8,"column":2},"end":{"line":15,"column":3}},"1":{"start":{"line":10,"column":6},"end":{"line":10,"column":49}},"2":{"start":{"line":12,"column":6},"end":{"line":12,"column":49}},"3":{"start":{"line":14,"column":6},"end":{"line":14,"column":57}}},"fnMap":{"0":{"name":"createRateLimiter","decl":{"start":{"line":7,"column":16},"end":{"line":7,"column":33}},"loc":{"start":{"line":7,"column":49},"end":{"line":16,"column":1}},"line":7}},"branchMap":{"0":{"loc":{"start":{"line":8,"column":2},"end":{"line":15,"column":3}},"type":"switch","locations":[{"start":{"line":9,"column":4},"end":{"line":10,"column":49}},{"start":{"line":11,"column":4},"end":{"line":12,"column":49}},{"start":{"line":13,"column":4},"end":{"line":14,"column":57}}],"line":8}},"s":{"0":2,"1":1,"2":0,"3":1},"f":{"0":2},"b":{"0":[1,0,1]},"inputSourceMap":null,"_coverageSchema":"1a1c01bbd47fc00a2c39e90264f33305004495a9","hash":"d722c12f8479dd7789de63bc18dbaa25d2189f72"}
,"C:\\Users\\tme\\Desktop\\se-api-rate-limiter\\se-api-rate-limiter\\src\\algorithms\\fixedWindow.js": {"path":"C:\\Users\\tme\\Desktop\\se-api-rate-limiter\\se-api-rate-limiter\\src\\algorithms\\fixedWindow.js","statementMap":{"0":{"start":{"line":7,"column":4},"end":{"line":7,"column":29}},"1":{"start":{"line":8,"column":4},"end":{"line":8,"column":29}},"2":{"start":{"line":9,"column":4},"end":{"line":9,"column":23}},"3":{"start":{"line":13,"column":22},"end":{"line":13,"column":72}},"4":{"start":{"line":14,"column":15},"end":{"line":14,"column":33}},"5":{"start":{"line":15,"column":4},"end":{"line":15,"column":23}},"6":{"start":{"line":16,"column":4},"end":{"line":16,"column":41}},"7":{"start":{"line":17,"column":20},"end":{"line":17,"column":35}},"8":{"start":{"line":18,"column":4},"end":{"line":18,"column":51}}},"fnMap":{"0":{"name":"(anonymous_0)","decl":{"start":{"line":6,"column":2},"end":{"line":6,"column":3}},"loc":{"start":{"line":6,"column":48},"end":{"line":10,"column":3}},"line":6},"1":{"name":"(anonymous_1)","decl":{"start":{"line":12,"column":2},"end":{"line":12,"column":3}},"loc":{"start":{"line":12,"column":23},"end":{"line":19,"column":3}},"line":12}},"branchMap":{},"s":{"0":2,"1":2,"2":2,"3":1,"4":1,"5":1,"6":1,"7":1,"8":1},"f":{"0":2,"1":1},"b":{},"inputSourceMap":null,"_coverageSchema":"1a1c01bbd47fc00a2c39e90264f33305004495a9","hash":"133bdfb53c8a8032aef120deeb1fcd144cc7419d"}
,"C:\\Users\\tme\\Desktop\\se-api-rate-limiter\\se-api-rate-limiter\\src\\algorithms\\tokenBucket.js": {"path":"C:\\Users\\tme\\Desktop\\se-api-rate-limiter\\se-api-rate-limiter\\src\\algorithms\\tokenBucket.js","statementMap":{"0":{"start":{"line":7,"column":4},"end":{"line":7,"column":29}},"1":{"start":{"line":8,"column":4},"end":{"line":8,"column":33}},"2":{"start":{"line":9,"column":4},"end":{"line":9,"column":33}},"3":{"start":{"line":13,"column":16},"end":{"line":13,"column":26}},"4":{"start":{"line":14,"column":17},"end":{"line":14,"column":64}},"5":{"start":{"line":15,"column":19},"end":{"line":15,"column":49}},"6":{"start":{"line":16,"column":23},"end":{"line":16,"column":45}},"7":{"start":{"line":18,"column":18},"end":{"line":18,"column":54}},"8":{"start":{"line":19,"column":19},"end":{"line":19,"column":54}},"9":{"start":{"line":20,"column":22},"end":{"line":20,"column":64}},"10":{"start":{"line":21,"column":20},"end":{"line":21,"column":33}},"11":{"start":{"line":22,"column":20},"end":{"line":25,"column":5}},"12":{"start":{"line":26,"column":4},"end":{"line":26,"column":55}},"13":{"start":{"line":27,"column":4},"end":{"line":27,"column":50}}},"fnMap":{"0":{"name":"(anonymous_0)","decl":{"start":{"line":6,"column":2},"end":{"line":6,"column":3}},"loc":{"start":{"line":6,"column":55},"end":{"line":10,"column":3}},"line":6},"1":{"name":"(anonymous_1)","decl":{"start":{"line":12,"column":2},"end":{"line":12,"column":3}},"loc":{"start":{"line":12,"column":23},"end":{"line":28,"column":3}},"line":12}},"branchMap":{"0":{"loc":{"start":{"line":14,"column":28},"end":{"line":14,"column":63}},"type":"binary-expr","locations":[{"start":{"line":14,"column":29},"end":{"line":14,"column":54}},{"start":{"line":14,"column":59},"end":{"line":14,"column":63}}],"line":14},"1":{"loc":{"start":{"line":15,"column":19},"end":{"line":15,"column":49}},"type":"binary-expr","locations":[{"start":{"line":15,"column":19},"end":{"line":15,"column":30}},{"start":{"line":15,"column":34},"end":{"line":15,"column":49}}],"line":15},"2":{"loc":{"start":{"line":16,"column":23},"end":{"line":16,"column":45}},"type":"binary-expr","locations":[{"start":{"line":16,"column":23},"end":{"line":16,"column":38}},{"start":{"line":16,"column":42},"end":{"line":16,"column":45}}],"line":16},"3":{"loc":{"start":{"line":23,"column":14},"end":{"line":23,"column":49}},"type":"cond-expr","locations":[{"start":{"line":23,"column":24},"end":{"line":23,"column":37}},{"start":{"line":23,"column":40},"end":{"line":23,"column":49}}],"line":23}},"s":{"0":2,"1":2,"2":2,"3":2,"4":2,"5":2,"6":2,"7":2,"8":2,"9":2,"10":2,"11":2,"12":2,"13":2},"f":{"0":2,"1":2},"b":{"0":[2,2],"1":[2,2],"2":[2,2],"3":[1,1]},"inputSourceMap":null,"_coverageSchema":"1a1c01bbd47fc00a2c39e90264f33305004495a9","hash":"8f49f0ec8612940c93c14d78cd91d91d42e022a4"}
,"C:\\Users\\tme\\Desktop\\se-api-rate-limiter\\se-api-rate-limiter\\src\\controllers\\healthController.js": {"path":"C:\\Users\\tme\\Desktop\\se-api-rate-limiter\\se-api-rate-limiter\\src\\controllers\\healthController.js","statementMap":{"0":{"start":{"line":4,"column":31},"end":{"line":9,"column":1}},"1":{"start":{"line":5,"column":2},"end":{"line":8,"column":5}},"2":{"start":{"line":12,"column":28},"end":{"line":19,"column":1}},"3":{"start":{"line":13,"column":2},"end":{"line":13,"column":42}},"4":{"start":{"line":16,"column":23},"end":{"line":16,"column":45}},"5":{"start":{"line":18,"column":2},"end":{"line":18,"column":46}}},"fnMap":{"0":{"name":"(anonymous_0)","decl":{"start":{"line":4,"column":31},"end":{"line":4,"column":32}},"loc":{"start":{"line":4,"column":45},"end":{"line":9,"column":1}},"line":4},"1":{"name":"(anonymous_1)","decl":{"start":{"line":12,"column":28},"end":{"line":12,"column":29}},"loc":{"start":{"line":12,"column":34},"end":{"line":19,"column":1}},"line":12}},"branchMap":{},"s":{"0":2,"1":0,"2":2,"3":0,"4":0,"5":0},"f":{"0":0,"1":0},"b":{},"inputSourceMap":null,"_coverageSchema":"1a1c01bbd47fc00a2c39e90264f33305004495a9","hash":"90fdd8160c8b1284dac70a651c28c4c9488f8795"}
,"C:\\Users\\tme\\Desktop\\se-api-rate-limiter\\se-api-rate-limiter\\src\\controllers\\policyController.js": {"path":"C:\\Users\\tme\\Desktop\\se-api-rate-limiter\\se-api-rate-limiter\\src\\controllers\\policyController.js","statementMap":{"0":{"start":{"line":9,"column":27},"end":{"line":14,"column":1}},"1":{"start":{"line":10,"column":2},"end":{"line":13,"column":5}},"2":{"start":{"line":17,"column":28},"end":{"line":37,"column":1}},"3":{"start":{"line":18,"column":34},"end":{"line":18,"column":48}},"4":{"start":{"line":20,"column":2},"end":{"line":22,"column":3}},"5":{"start":{"line":21,"column":4},"end":{"line":21,"column":83}},"6":{"start":{"line":24,"column":20},"end":{"line":29,"column":3}},"7":{"start":{"line":25,"column":56},"end":{"line":25,"column":60}},"8":{"start":{"line":31,"column":2},"end":{"line":31,"column":27}},"9":{"start":{"line":33,"column":2},"end":{"line":36,"column":5}},"10":{"start":{"line":40,"column":38},"end":{"line":57,"column":1}},"11":{"start":{"line":41,"column":13},"end":{"line":41,"column":36}},"12":{"start":{"line":42,"column":25},"end":{"line":42,"column":56}},"13":{"start":{"line":42,"column":44},"end":{"line":42,"column":55}},"14":{"start":{"line":44,"column":2},"end":{"line":46,"column":3}},"15":{"start":{"line":45,"column":4},"end":{"line":45,"column":63}},"16":{"start":{"line":49,"column":2},"end":{"line":49,"column":36}},"17":{"start":{"line":51,"column":18},"end":{"line":51,"column":44}},"18":{"start":{"line":53,"column":2},"end":{"line":56,"column":5}},"19":{"start":{"line":60,"column":32},"end":{"line":68,"column":1}},"20":{"start":{"line":61,"column":13},"end":{"line":61,"column":36}},"21":{"start":{"line":62,"column":19},"end":{"line":62,"column":40}},"22":{"start":{"line":64,"column":2},"end":{"line":67,"column":5}},"23":{"start":{"line":71,"column":30},"end":{"line":94,"column":1}},"24":{"start":{"line":72,"column":13},"end":{"line":72,"column":36}},"25":{"start":{"line":73,"column":18},"end":{"line":73,"column":46}},"26":{"start":{"line":75,"column":22},"end":{"line":75,"column":56}},"27":{"start":{"line":77,"column":2},"end":{"line":79,"column":3}},"28":{"start":{"line":78,"column":4},"end":{"line":78,"column":64}},"29":{"start":{"line":82,"column":16},"end":{"line":82,"column":52}},"30":{"start":{"line":82,"column":40},"end":{"line":82,"column":51}},"31":{"start":{"line":83,"column":2},"end":{"line":88,"column":4}},"32":{"start":{"line":90,"column":2},"end":{"line":93,"column":5}}},"fnMap":{"0":{"name":"(anonymous_0)","decl":{"start":{"line":9,"column":27},"end":{"line":9,"column":28}},"loc":{"start":{"line":9,"column":41},"end":{"line":14,"column":1}},"line":9},"1":{"name":"(anonymous_1)","decl":{"start":{"line":17,"column":28},"end":{"line":17,"column":29}},"loc":{"start":{"line":17,"column":42},"end":{"line":37,"column":1}},"line":17},"2":{"name":"(anonymous_2)","decl":{"start":{"line":25,"column":51},"end":{"line":25,"column":52}},"loc":{"start":{"line":25,"column":56},"end":{"line":25,"column":60}},"line":25},"3":{"name":"(anonymous_3)","decl":{"start":{"line":40,"column":38},"end":{"line":40,"column":39}},"loc":{"start":{"line":40,"column":52},"end":{"line":57,"column":1}},"line":40},"4":{"name":"(anonymous_4)","decl":{"start":{"line":42,"column":39},"end":{"line":42,"column":40}},"loc":{"start":{"line":42,"column":44},"end":{"line":42,"column":55}},"line":42},"5":{"name":"(anonymous_5)","decl":{"start":{"line":60,"column":32},"end":{"line":60,"column":33}},"loc":{"start":{"line":60,"column":46},"end":{"line":68,"column":1}},"line":60},"6":{"name":"(anonymous_6)","decl":{"start":{"line":71,"column":30},"end":{"line":71,"column":31}},"loc":{"start":{"line":71,"column":44},"end":{"line":94,"column":1}},"line":71},"7":{"name":"(anonymous_7)","decl":{"start":{"line":82,"column":35},"end":{"line":82,"column":36}},"loc":{"start":{"line":82,"column":40},"end":{"line":82,"column":51}},"line":82}},"branchMap":{"0":{"loc":{"start":{"line":18,"column":34},"end":{"line":18,"column":48}},"type":"binary-expr","locations":[{"start":{"line":18,"column":34},"end":{"line":18,"column":42}},{"start":{"line":18,"column":46},"end":{"line":18,"column":48}}],"line":18},"1":{"loc":{"start":{"line":20,"column":2},"end":{"line":22,"column":3}},"type":"if","locations":[{"start":{"line":20,"column":2},"end":{"line":22,"column":3}},{"start":{},"end":{}}],"line":20},"2":{"loc":{"start":{"line":20,"column":6},"end":{"line":20,"column":32}},"type":"binary-expr","locations":[{"start":{"line":20,"column":6},"end":{"line":20,"column":11}},{"start":{"line":20,"column":15},"end":{"line":20,"column":21}},{"start":{"line":20,"column":25},"end":{"line":20,"column":32}}],"line":20},"3":{"loc":{"start":{"line":25,"column":8},"end":{"line":25,"column":70}},"type":"cond-expr","locations":[{"start":{"line":25,"column":26},"end":{"line":25,"column":66}},{"start":{"line":25,"column":69},"end":{"line":25,"column":70}}],"line":25},"4":{"loc":{"start":{"line":44,"column":2},"end":{"line":46,"column":3}},"type":"if","locations":[{"start":{"line":44,"column":2},"end":{"line":46,"column":3}},{"start":{},"end":{}}],"line":44},"5":{"loc":{"start":{"line":77,"column":2},"end":{"line":79,"column":3}},"type":"if","locations":[{"start":{"line":77,"column":2},"end":{"line":79,"column":3}},{"start":{},"end":{}}],"line":77}},"s":{"0":4,"1":4,"2":4,"3":3,"4":3,"5":0,"6":3,"7":6,"8":3,"9":3,"10":4,"11":0,"12":0,"13":0,"14":0,"15":0,"16":0,"17":0,"18":0,"19":4,"20":0,"21":0,"22":0,"23":4,"24":0,"25":0,"26":0,"27":0,"28":0,"29":0,"30":0,"31":0,"32":0},"f":{"0":4,"1":3,"2":6,"3":0,"4":0,"5":0,"6":0,"7":0},"b":{"0":[3,0],"1":[0,3],"2":[3,3,3],"3":[3,0],"4":[0,0],"5":[0,0]},"inputSourceMap":null,"_coverageSchema":"1a1c01bbd47fc00a2c39e90264f33305004495a9","hash":"37759b657050d284aabc7d465219e4005464baae"}
,"C:\\Users\\tme\\Desktop\\se-api-rate-limiter\\se-api-rate-limiter\\src\\metrics\\prometheus.js": {"path":"C:\\Users\\tme\\Desktop\\se-api-rate-limiter\\se-api-rate-limiter\\src\\metrics\\prometheus.js","statementMap":{"0":{"start":{"line":3,"column":17},"end":{"line":3,"column":38}},"1":{"start":{"line":5,"column":21},"end":{"line":9,"column":2}},"2":{"start":{"line":11,"column":20},"end":{"line":15,"column":2}},"3":{"start":{"line":17,"column":25},"end":{"line":21,"column":2}},"4":{"start":{"line":23,"column":0},"end":{"line":23,"column":38}},"5":{"start":{"line":24,"column":0},"end":{"line":24,"column":37}},"6":{"start":{"line":25,"column":0},"end":{"line":25,"column":42}},"7":{"start":{"line":28,"column":2},"end":{"line":28,"column":33}},"8":{"start":{"line":32,"column":2},"end":{"line":32,"column":40}},"9":{"start":{"line":36,"column":2},"end":{"line":36,"column":31}},"10":{"start":{"line":40,"column":2},"end":{"line":40,"column":48}},"11":{"start":{"line":41,"column":2},"end":{"line":41,"column":36}}},"fnMap":{"0":{"name":"recordRequest","decl":{"start":{"line":27,"column":16},"end":{"line":27,"column":29}},"loc":{"start":{"line":27,"column":40},"end":{"line":29,"column":1}},"line":27},"1":{"name":"recordRejection","decl":{"start":{"line":31,"column":16},"end":{"line":31,"column":31}},"loc":{"start":{"line":31,"column":50},"end":{"line":33,"column":1}},"line":31},"2":{"name":"recordLatency","decl":{"start":{"line":35,"column":16},"end":{"line":35,"column":29}},"loc":{"start":{"line":35,"column":34},"end":{"line":37,"column":1}},"line":35},"3":{"name":"metricsHandler","decl":{"start":{"line":39,"column":22},"end":{"line":39,"column":36}},"loc":{"start":{"line":39,"column":47},"end":{"line":42,"column":1}},"line":39}},"branchMap":{},"s":{"0":2,"1":2,"2":2,"3":2,"4":2,"5":2,"6":2,"7":0,"8":0,"9":0,"10":0,"11":0},"f":{"0":0,"1":0,"2":0,"3":0},"b":{},"inputSourceMap":null,"_coverageSchema":"1a1c01bbd47fc00a2c39e90264f33305004495a9","hash":"89f267437e0243cd6c16d82317782e819a6235dc"}
,"C:\\Users\\tme\\Desktop\\se-api-rate-limiter\\se-api-rate-limiter\\src\\middleware\\burstLimiter.js": {"path":"C:\\Users\\tme\\Desktop\\se-api-rate-limiter\\se-api-rate-limiter\\src\\middleware\\burstLimiter.js","statementMap":{"0":{"start":{"line":4,"column":15},"end":{"line":4,"column":28}},"1":{"start":{"line":5,"column":19},"end":{"line":5,"column":29}},"2":{"start":{"line":7,"column":2},"end":{"line":30,"column":4}},"3":{"start":{"line":8,"column":16},"end":{"line":8,"column":26}},"4":{"start":{"line":9,"column":20},"end":{"line":9,"column":45}},"5":{"start":{"line":12,"column":4},"end":{"line":15,"column":6}},"6":{"start":{"line":17,"column":4},"end":{"line":17,"column":21}},"7":{"start":{"line":20,"column":4},"end":{"line":23,"column":5}},"8":{"start":{"line":21,"column":6},"end":{"line":21,"column":18}},"9":{"start":{"line":22,"column":6},"end":{"line":22,"column":20}},"10":{"start":{"line":26,"column":4},"end":{"line":29,"column":7}}},"fnMap":{"0":{"name":"burstLimiter","decl":{"start":{"line":3,"column":16},"end":{"line":3,"column":28}},"loc":{"start":{"line":3,"column":56},"end":{"line":31,"column":1}},"line":3},"1":{"name":"(anonymous_1)","decl":{"start":{"line":7,"column":9},"end":{"line":7,"column":10}},"loc":{"start":{"line":7,"column":29},"end":{"line":30,"column":3}},"line":7}},"branchMap":{"0":{"loc":{"start":{"line":20,"column":4},"end":{"line":23,"column":5}},"type":"if","locations":[{"start":{"line":20,"column":4},"end":{"line":23,"column":5}},{"start":{},"end":{}}],"line":20}},"s":{"0":0,"1":0,"2":0,"3":0,"4":0,"5":0,"6":0,"7":0,"8":0,"9":0,"10":0},"f":{"0":0,"1":0},"b":{"0":[0,0]},"inputSourceMap":null,"_coverageSchema":"1a1c01bbd47fc00a2c39e90264f33305004495a9","hash":"3a22c10bcbfc682ce1d26b43bb42dcc6289b4199"}
,"C:\\Users\\tme\\Desktop\\se-api-rate-limiter\\se-api-rate-limiter\\src\\middleware\\rateLimiter.js": {"path":"C:\\Users\\tme\\Desktop\\se-api-rate-limiter\\se-api-rate-limiter\\src\\middleware\\rateLimiter.js","statementMap":{"0":{"start":{"line":2,"column":22},"end":{"line":2,"column":24}},"1":{"start":{"line":3,"column":20},"end":{"line":3,"column":29}},"2":{"start":{"line":4,"column":21},"end":{"line":4,"column":24}},"3":{"start":{"line":6,"column":27},"end":{"line":29,"column":1}},"4":{"start":{"line":7,"column":13},"end":{"line":7,"column":19}},"5":{"start":{"line":8,"column":22},"end":{"line":8,"column":32}},"6":{"start":{"line":10,"column":2},"end":{"line":12,"column":3}},"7":{"start":{"line":11,"column":4},"end":{"line":11,"column":27}},"8":{"start":{"line":15,"column":2},"end":{"line":17,"column":4}},"9":{"start":{"line":16,"column":19},"end":{"line":16,"column":56}},"10":{"start":{"line":19,"column":2},"end":{"line":23,"column":3}},"11":{"start":{"line":20,"column":4},"end":{"line":22,"column":7}},"12":{"start":{"line":26,"column":2},"end":{"line":26,"column":38}},"13":{"start":{"line":28,"column":2},"end":{"line":28,"column":9}}},"fnMap":{"0":{"name":"(anonymous_0)","decl":{"start":{"line":6,"column":27},"end":{"line":6,"column":28}},"loc":{"start":{"line":6,"column":47},"end":{"line":29,"column":1}},"line":6},"1":{"name":"(anonymous_1)","decl":{"start":{"line":16,"column":4},"end":{"line":16,"column":5}},"loc":{"start":{"line":16,"column":19},"end":{"line":16,"column":56}},"line":16}},"branchMap":{"0":{"loc":{"start":{"line":10,"column":2},"end":{"line":12,"column":3}},"type":"if","locations":[{"start":{"line":10,"column":2},"end":{"line":12,"column":3}},{"start":{},"end":{}}],"line":10},"1":{"loc":{"start":{"line":19,"column":2},"end":{"line":23,"column":3}},"type":"if","locations":[{"start":{"line":19,"column":2},"end":{"line":23,"column":3}},{"start":{},"end":{}}],"line":19}},"s":{"0":2,"1":2,"2":2,"3":2,"4":105,"5":105,"6":105,"7":2,"8":105,"9":5251,"10":105,"11":3,"12":102,"13":102},"f":{"0":105,"1":5251},"b":{"0":[2,103],"1":[3,102]},"inputSourceMap":null,"_coverageSchema":"1a1c01bbd47fc00a2c39e90264f33305004495a9","hash":"d01b9266edfed87cf3bbde0f1c760a09d0356c7d"}
,"C:\\Users\\tme\\Desktop\\se-api-rate-limiter\\se-api-rate-limiter\\src\\middleware\\security.js": {"path":"C:\\Users\\tme\\Desktop\\se-api-rate-limiter\\se-api-rate-limiter\\src\\middleware\\security.js","statementMap":{"0":{"start":{"line":2,"column":36},"end":{"line":7,"column":1}},"1":{"start":{"line":3,"column":2},"end":{"line":3,"column":53}},"2":{"start":{"line":4,"column":2},"end":{"line":4,"column":43}},"3":{"start":{"line":5,"column":2},"end":{"line":5,"column":53}},"4":{"start":{"line":6,"column":2},"end":{"line":6,"column":9}}},"fnMap":{"0":{"name":"(anonymous_0)","decl":{"start":{"line":2,"column":36},"end":{"line":2,"column":37}},"loc":{"start":{"line":2,"column":56},"end":{"line":7,"column":1}},"line":2}},"branchMap":{},"s":{"0":4,"1":110,"2":110,"3":110,"4":110},"f":{"0":110},"b":{},"inputSourceMap":null,"_coverageSchema":"1a1c01bbd47fc00a2c39e90264f33305004495a9","hash":"6b4c37ca912c22b90e0ba438b18c5f413d9e3561"}
,"C:\\Users\\tme\\Desktop\\se-api-rate-limiter\\se-api-rate-limiter\\src\\middleware\\tlsEnforcer.js": {"path":"C:\\Users\\tme\\Desktop\\se-api-rate-limiter\\se-api-rate-limiter\\src\\middleware\\tlsEnforcer.js","statementMap":{"0":{"start":{"line":4,"column":26},"end":{"line":66,"column":1}},"1":{"start":{"line":5,"column":16},"end":{"line":5,"column":64}},"2":{"start":{"line":8,"column":2},"end":{"line":12,"column":5}},"3":{"start":{"line":15,"column":2},"end":{"line":24,"column":3}},"4":{"start":{"line":16,"column":4},"end":{"line":19,"column":7}},"5":{"start":{"line":21,"column":4},"end":{"line":23,"column":7}},"6":{"start":{"line":27,"column":21},"end":{"line":27,"column":62}},"7":{"start":{"line":29,"column":2},"end":{"line":32,"column":5}},"8":{"start":{"line":34,"column":2},"end":{"line":43,"column":3}},"9":{"start":{"line":35,"column":4},"end":{"line":38,"column":7}},"10":{"start":{"line":40,"column":4},"end":{"line":42,"column":7}},"11":{"start":{"line":46,"column":20},"end":{"line":46,"column":24}},"12":{"start":{"line":48,"column":2},"end":{"line":57,"column":3}},"13":{"start":{"line":49,"column":4},"end":{"line":52,"column":7}},"14":{"start":{"line":54,"column":4},"end":{"line":56,"column":7}},"15":{"start":{"line":60,"column":2},"end":{"line":63,"column":5}},"16":{"start":{"line":65,"column":2},"end":{"line":65,"column":9}}},"fnMap":{"0":{"name":"(anonymous_0)","decl":{"start":{"line":4,"column":26},"end":{"line":4,"column":27}},"loc":{"start":{"line":4,"column":46},"end":{"line":66,"column":1}},"line":4}},"branchMap":{"0":{"loc":{"start":{"line":5,"column":16},"end":{"line":5,"column":64}},"type":"binary-expr","locations":[{"start":{"line":5,"column":16},"end":{"line":5,"column":48}},{"start":{"line":5,"column":52},"end":{"line":5,"column":64}}],"line":5},"1":{"loc":{"start":{"line":15,"column":2},"end":{"line":24,"column":3}},"type":"if","locations":[{"start":{"line":15,"column":2},"end":{"line":24,"column":3}},{"start":{},"end":{}}],"line":15},"2":{"loc":{"start":{"line":27,"column":21},"end":{"line":27,"column":62}},"type":"binary-expr","locations":[{"start":{"line":27,"column":21},"end":{"line":27,"column":49}},{"start":{"line":27,"column":53},"end":{"line":27,"column":62}}],"line":27},"3":{"loc":{"start":{"line":34,"column":2},"end":{"line":43,"column":3}},"type":"if","locations":[{"start":{"line":34,"column":2},"end":{"line":43,"column":3}},{"start":{},"end":{}}],"line":34},"4":{"loc":{"start":{"line":34,"column":6},"end":{"line":34,"column":64}},"type":"binary-expr","locations":[{"start":{"line":34,"column":6},"end":{"line":34,"column":33}},{"start":{"line":34,"column":37},"end":{"line":34,"column":64}}],"line":34},"5":{"loc":{"start":{"line":48,"column":2},"end":{"line":57,"column":3}},"type":"if","locations":[{"start":{"line":48,"column":2},"end":{"line":57,"column":3}},{"start":{},"end":{}}],"line":48}},"s":{"0":2,"1":0,"2":0,"3":0,"4":0,"5":0,"6":0,"7":0,"8":0,"9":0,"10":0,"11":0,"12":0,"13":0,"14":0,"15":0,"16":0},"f":{"0":0},"b":{"0":[0,0],"1":[0,0],"2":[0,0],"3":[0,0],"4":[0,0],"5":[0,0]},"inputSourceMap":null,"_coverageSchema":"1a1c01bbd47fc00a2c39e90264f33305004495a9","hash":"84737cf2a3add405a46645618ec78d6fbb063cc3"}
,"C:\\Users\\tme\\Desktop\\se-api-rate-limiter\\se-api-rate-limiter\\src\\middleware\\validation.js": {"path":"C:\\Users\\tme\\Desktop\\se-api-rate-limiter\\se-api-rate-limiter\\src\\middleware\\validation.js","statementMap":{"0":{"start":{"line":4,"column":30},"end":{"line":16,"column":1}},"1":{"start":{"line":10,"column":19},"end":{"line":10,"column":40}},"2":{"start":{"line":11,"column":4},"end":{"line":13,"column":5}},"3":{"start":{"line":12,"column":6},"end":{"line":12,"column":62}},"4":{"start":{"line":14,"column":4},"end":{"line":14,"column":11}}},"fnMap":{"0":{"name":"(anonymous_0)","decl":{"start":{"line":9,"column":2},"end":{"line":9,"column":3}},"loc":{"start":{"line":9,"column":22},"end":{"line":15,"column":3}},"line":9}},"branchMap":{"0":{"loc":{"start":{"line":11,"column":4},"end":{"line":13,"column":5}},"type":"if","locations":[{"start":{"line":11,"column":4},"end":{"line":13,"column":5}},{"start":{},"end":{}}],"line":11}},"s":{"0":4,"1":5,"2":5,"3":2,"4":3},"f":{"0":5},"b":{"0":[2,3]},"inputSourceMap":null,"_coverageSchema":"1a1c01bbd47fc00a2c39e90264f33305004495a9","hash":"1510a53ec240f49ff2a0698c5448e1e70c0b5f09"}
,"C:\\Users\\tme\\Desktop\\se-api-rate-limiter\\se-api-rate-limiter\\src\\models\\nodeHealthModel.js": {"path":"C:\\Users\\tme\\Desktop\\se-api-rate-limiter\\se-api-rate-limiter\\src\\models\\nodeHealthModel.js","statementMap":{"0":{"start":{"line":1,"column":15},"end":{"line":5,"column":3}},"1":{"start":{"line":7,"column":23},"end":{"line":7,"column":31}},"2":{"start":{"line":9,"column":38},"end":{"line":12,"column":3}},"3":{"start":{"line":10,"column":4},"end":{"line":10,"column":66}},"4":{"start":{"line":10,"column":39},"end":{"line":10,"column":64}},"5":{"start":{"line":11,"column":4},"end":{"line":11,"column":20}}},"fnMap":{"0":{"name":"(anonymous_0)","decl":{"start":{"line":9,"column":38},"end":{"line":9,"column":39}},"loc":{"start":{"line":9,"column":44},"end":{"line":12,"column":3}},"line":9},"1":{"name":"(anonymous_1)","decl":{"start":{"line":10,"column":31},"end":{"line":10,"column":32}},"loc":{"start":{"line":10,"column":39},"end":{"line":10,"column":64}},"line":10}},"branchMap":{},"s":{"0":2,"1":2,"2":2,"3":0,"4":0,"5":0},"f":{"0":0,"1":0},"b":{},"inputSourceMap":null,"_coverageSchema":"1a1c01bbd47fc00a2c39e90264f33305004495a9","hash":"0e2b4da11cb05aba836d6d0f05a2270156372ec8"}
,"C:\\Users\\tme\\Desktop\\se-api-rate-limiter\\se-api-rate-limiter\\src\\models\\policyHistoryModel.js": {"path":"C:\\Users\\tme\\Desktop\\se-api-rate-limiter\\se-api-rate-limiter\\src\\models\\policyHistoryModel.js","statementMap":{"0":{"start":{"line":2,"column":27},"end":{"line":2,"column":29}},"1":{"start":{"line":5,"column":33},"end":{"line":11,"column":1}},"2":{"start":{"line":6,"column":2},"end":{"line":10,"column":5}},"3":{"start":{"line":14,"column":33},"end":{"line":16,"column":1}},"4":{"start":{"line":15,"column":2},"end":{"line":15,"column":54}},"5":{"start":{"line":15,"column":35},"end":{"line":15,"column":52}},"6":{"start":{"line":19,"column":37},"end":{"line":25,"column":1}},"7":{"start":{"line":20,"column":18},"end":{"line":22,"column":3}},"8":{"start":{"line":21,"column":9},"end":{"line":21,"column":60}},"9":{"start":{"line":24,"column":2},"end":{"line":24,"column":25}}},"fnMap":{"0":{"name":"(anonymous_0)","decl":{"start":{"line":5,"column":33},"end":{"line":5,"column":34}},"loc":{"start":{"line":5,"column":45},"end":{"line":11,"column":1}},"line":5},"1":{"name":"(anonymous_1)","decl":{"start":{"line":14,"column":33},"end":{"line":14,"column":34}},"loc":{"start":{"line":14,"column":47},"end":{"line":16,"column":1}},"line":14},"2":{"name":"(anonymous_2)","decl":{"start":{"line":15,"column":30},"end":{"line":15,"column":31}},"loc":{"start":{"line":15,"column":35},"end":{"line":15,"column":52}},"line":15},"3":{"name":"(anonymous_3)","decl":{"start":{"line":19,"column":37},"end":{"line":19,"column":38}},"loc":{"start":{"line":19,"column":69},"end":{"line":25,"column":1}},"line":19},"4":{"name":"(anonymous_4)","decl":{"start":{"line":21,"column":4},"end":{"line":21,"column":5}},"loc":{"start":{"line":21,"column":9},"end":{"line":21,"column":60}},"line":21}},"branchMap":{"0":{"loc":{"start":{"line":21,"column":9},"end":{"line":21,"column":60}},"type":"binary-expr","locations":[{"start":{"line":21,"column":9},"end":{"line":21,"column":26}},{"start":{"line":21,"column":30},"end":{"line":21,"column":60}}],"line":21},"1":{"loc":{"start":{"line":24,"column":9},"end":{"line":24,"column":24}},"type":"binary-expr","locations":[{"start":{"line":24,"column":9},"end":{"line":24,"column":16}},{"start":{"line":24,"column":20},"end":{"line":24,"column":24}}],"line":24}},"s":{"0":4,"1":4,"2":0,"3":4,"4":0,"5":0,"6":4,"7":0,"8":0,"9":0},"f":{"0":0,"1":0,"2":0,"3":0,"4":0},"b":{"0":[0,0],"1":[0,0]},"inputSourceMap":null,"_coverageSchema":"1a1c01bbd47fc00a2c39e90264f33305004495a9","hash":"2f9a711c41fbc16b3e07fd1cc546a2497b41932f"}
,"C:\\Users\\tme\\Desktop\\se-api-rate-limiter\\se-api-rate-limiter\\src\\models\\policyModel.js": {"path":"C:\\Users\\tme\\Desktop\\se-api-rate-limiter\\se-api-rate-limiter\\src\\models\\policyModel.js","statementMap":{"0":{"start":{"line":2,"column":22},"end":{"line":5,"column":1}},"1":{"start":{"line":8,"column":28},"end":{"line":17,"column":1}},"2":{"start":{"line":9,"column":16},"end":{"line":9,"column":58}},"3":{"start":{"line":9,"column":40},"end":{"line":9,"column":57}},"4":{"start":{"line":10,"column":2},"end":{"line":10,"column":32}},"5":{"start":{"line":10,"column":20},"end":{"line":10,"column":32}},"6":{"start":{"line":13,"column":18},"end":{"line":13,"column":52}},"7":{"start":{"line":15,"column":2},"end":{"line":15,"column":28}},"8":{"start":{"line":16,"column":2},"end":{"line":16,"column":17}}},"fnMap":{"0":{"name":"(anonymous_0)","decl":{"start":{"line":8,"column":28},"end":{"line":8,"column":29}},"loc":{"start":{"line":8,"column":51},"end":{"line":17,"column":1}},"line":8},"1":{"name":"(anonymous_1)","decl":{"start":{"line":9,"column":35},"end":{"line":9,"column":36}},"loc":{"start":{"line":9,"column":40},"end":{"line":9,"column":57}},"line":9}},"branchMap":{"0":{"loc":{"start":{"line":10,"column":2},"end":{"line":10,"column":32}},"type":"if","locations":[{"start":{"line":10,"column":2},"end":{"line":10,"column":32}},{"start":{},"end":{}}],"line":10}},"s":{"0":4,"1":4,"2":0,"3":0,"4":0,"5":0,"6":0,"7":0,"8":0},"f":{"0":0,"1":0},"b":{"0":[0,0]},"inputSourceMap":null,"_coverageSchema":"1a1c01bbd47fc00a2c39e90264f33305004495a9","hash":"aa883b94ca8c7376e8b75ba0c5ed1721850b390a"}
,"C:\\Users\\tme\\Desktop\\se-api-rate-limiter\\se-api-rate-limiter\\src\\routes\\healthRoutes.js": {"path":"C:\\Users\\tme\\Desktop\\se-api-rate-limiter\\se-api-rate-limiter\\src\\routes\\healthRoutes.js","statementMap":{"0":{"start":{"line":4,"column":15},"end":{"line":4,"column":31}},"1":{"start":{"line":7,"column":0},"end":{"line":7,"column":39}}},"fnMap":{},"branchMap":{},"s":{"0":2,"1":2},"f":{},"b":{},"inputSourceMap":null,"_coverageSchema":"1a1c01bbd47fc00a2c39e90264f33305004495a9","hash":"c7fd9d7f0eac241cd06c4e06150ffef90c62180a"}
,"C:\\Users\\tme\\Desktop\\se-api-rate-limiter\\se-api-rate-limiter\\src\\routes\\metricsRoutes.js": {"path":"C:\\Users\\tme\\Desktop\\se-api-rate-limiter\\se-api-rate-limiter\\src\\routes\\metricsRoutes.js","statementMap":{"0":{"start":{"line":4,"column":15},"end":{"line":4,"column":31}},"1":{"start":{"line":7,"column":0},"end":{"line":7,"column":32}}},"fnMap":{},"branchMap":{},"s":{"0":2,"1":2},"f":{},"b":{},"inputSourceMap":null,"_coverageSchema":"1a1c01bbd47fc00a2c39e90264f33305004495a9","hash":"627260f0de2ad2a974fda66dae39cc7b6ae2d66f"}
,"C:\\Users\\tme\\Desktop\\se-api-rate-limiter\\se-api-rate-limiter\\src\\routes\\policyRoutes.js": {"path":"C:\\Users\\tme\\Desktop\\se-api-rate-limiter\\se-api-rate-limiter\\src\\routes\\policyRoutes.js","statementMap":{"0":{"start":{"line":11,"column":15},"end":{"line":11,"column":31}},"1":{"start":{"line":14,"column":0},"end":{"line":14,"column":29}},"2":{"start":{"line":17,"column":0},"end":{"line":17,"column":47}},"3":{"start":{"line":20,"column":0},"end":{"line":20,"column":59}},"4":{"start":{"line":23,"column":0},"end":{"line":23,"column":45}},"5":{"start":{"line":26,"column":0},"end":{"line":26,"column":54}}},"fnMap":{},"branchMap":{},"s":{"0":3,"1":3,"2":3,"3":3,"4":3,"5":3},"f":{},"b":{},"inputSourceMap":null,"_coverageSchema":"1a1c01bbd47fc00a2c39e90264f33305004495a9","hash":"38a04d4c5a1f58bbaeed0536635fa8b7233648d0"}
,"C:\\Users\\tme\\Desktop\\se-api-rate-limiter\\se-api-rate-limiter\\src\\utils\\tlsAuditLogger.js": {"path":"C:\\Users\\tme\\Desktop\\se-api-rate-limiter\\se-api-rate-limiter\\src\\utils\\tlsAuditLogger.js","statementMap":{"0":{"start":{"line":4,"column":28},"end":{"line":10,"column":1}},"1":{"start":{"line":5,"column":19},"end":{"line":5,"column":45}},"2":{"start":{"line":7,"column":16},"end":{"line":7,"column":87}},"3":{"start":{"line":9,"column":2},"end":{"line":9,"column":37}}},"fnMap":{"0":{"name":"(anonymous_0)","decl":{"start":{"line":4,"column":28},"end":{"line":4,"column":29}},"loc":{"start":{"line":4,"column":40},"end":{"line":10,"column":1}},"line":4}},"branchMap":{},"s":{"0":2,"1":2,"2":2,"3":2},"f":{"0":2},"b":{},"inputSourceMap":null,"_coverageSchema":"1a1c01bbd47fc00a2c39e90264f33305004495a9","hash":"d1514cf834b7e3554ad1ee691efc469fe32039bf"}
}
