TN:
SF:src\app.js
FN:34,(anonymous_0)
FN:51,(anonymous_1)
FN:67,(anonymous_2)
FN:75,(anonymous_3)
FN:79,(anonymous_4)
FNF:5
FNH:0
FNDA:0,(anonymous_0)
FNDA:0,(anonymous_1)
FNDA:0,(anonymous_2)
FNDA:0,(anonymous_3)
FNDA:0,(anonymous_4)
DA:16,2
DA:17,2
DA:20,2
DA:21,2
DA:22,2
DA:23,2
DA:24,2
DA:26,2
DA:27,2
DA:30,2
DA:31,2
DA:34,2
DA:35,0
DA:50,2
DA:51,0
DA:52,0
DA:53,0
DA:58,2
DA:59,0
DA:67,2
DA:68,0
DA:69,0
DA:74,2
DA:75,0
DA:79,2
DA:80,0
DA:81,0
DA:83,0
DA:84,0
LF:29
LH:17
BRDA:17,0,0,2
BRDA:17,0,1,2
BRDA:50,1,0,0
BRDA:50,1,1,2
BRDA:58,2,0,0
BRDA:58,2,1,2
BRDA:74,3,0,0
BRDA:74,3,1,2
BRDA:80,4,0,0
BRDA:80,4,1,0
BRDA:83,5,0,0
BRDA:83,5,1,0
BRF:12
BRH:5
end_of_record
TN:
SF:src\controllers\healthController.js
FN:4,(anonymous_0)
FN:13,(anonymous_1)
FN:14,(anonymous_2)
FN:28,(anonymous_3)
FN:29,(anonymous_4)
FNF:5
FNH:0
FNDA:0,(anonymous_0)
FNDA:0,(anonymous_1)
FNDA:0,(anonymous_2)
FNDA:0,(anonymous_3)
FNDA:0,(anonymous_4)
DA:4,2
DA:5,0
DA:13,2
DA:14,0
DA:15,0
DA:17,0
DA:18,0
DA:20,0
DA:23,0
DA:28,2
DA:29,0
DA:30,0
LF:12
LH:3
BRDA:17,0,0,0
BRDA:17,0,1,0
BRF:2
BRH:0
end_of_record
TN:
SF:src\controllers\policyController.js
FN:17,(anonymous_0)
FN:35,(anonymous_1)
FN:37,(anonymous_2)
FN:61,(anonymous_3)
FN:97,(anonymous_4)
FN:101,(anonymous_5)
FN:133,(anonymous_6)
FN:136,(anonymous_7)
FN:145,(anonymous_8)
FN:162,(anonymous_9)
FN:164,(anonymous_10)
FNF:11
FNH:2
FNDA:3,(anonymous_0)
FNDA:0,(anonymous_1)
FNDA:0,(anonymous_2)
FNDA:2,(anonymous_3)
FNDA:0,(anonymous_4)
FNDA:0,(anonymous_5)
FNDA:0,(anonymous_6)
FNDA:0,(anonymous_7)
FNDA:0,(anonymous_8)
FNDA:0,(anonymous_9)
FNDA:0,(anonymous_10)
DA:17,4
DA:18,3
DA:35,4
DA:36,0
DA:37,0
DA:39,0
DA:40,0
DA:43,0
DA:61,4
DA:62,2
DA:64,2
DA:74,2
DA:76,2
DA:97,4
DA:98,0
DA:99,0
DA:101,0
DA:102,0
DA:105,0
DA:108,0
DA:109,0
DA:110,0
DA:111,0
DA:112,0
DA:114,0
DA:121,0
DA:133,4
DA:134,0
DA:136,0
DA:138,0
DA:139,0
DA:142,0
DA:145,0
DA:146,0
DA:147,0
DA:149,0
DA:162,4
DA:163,0
DA:164,0
DA:166,0
DA:167,0
DA:170,0
LF:42
LH:11
BRDA:39,0,0,0
BRDA:39,0,1,0
BRDA:69,1,0,2
BRDA:69,1,1,2
BRDA:70,2,0,2
BRDA:70,2,1,2
BRDA:102,3,0,0
BRDA:102,3,1,0
BRDA:108,4,0,0
BRDA:108,4,1,0
BRDA:109,5,0,0
BRDA:109,5,1,0
BRDA:110,6,0,0
BRDA:110,6,1,0
BRDA:111,7,0,0
BRDA:111,7,1,0
BRDA:112,8,0,0
BRDA:112,8,1,0
BRDA:138,9,0,0
BRDA:138,9,1,0
BRDA:166,10,0,0
BRDA:166,10,1,0
BRF:22
BRH:4
end_of_record
TN:
SF:src\middleware\burstRateLimiter.js
FN:27,parseDuration
FN:46,getOrCreateBucket
FN:70,updateBucketPolicy
FN:87,clearBucket
FN:101,(anonymous_4)
FN:156,(anonymous_5)
FN:193,(anonymous_6)
FN:201,(anonymous_7)
FN:203,(anonymous_8)
FNF:9
FNH:0
FNDA:0,parseDuration
FNDA:0,getOrCreateBucket
FNDA:0,updateBucketPolicy
FNDA:0,clearBucket
FNDA:0,(anonymous_4)
FNDA:0,(anonymous_5)
FNDA:0,(anonymous_6)
FNDA:0,(anonymous_7)
FNDA:0,(anonymous_8)
DA:20,4
DA:28,0
DA:29,0
DA:31,0
DA:37,0
DA:47,0
DA:49,0
DA:52,0
DA:55,0
DA:58,0
DA:59,0
DA:62,0
DA:71,0
DA:72,0
DA:73,0
DA:74,0
DA:76,0
DA:77,0
DA:78,0
DA:79,0
DA:88,0
DA:101,4
DA:102,0
DA:103,0
DA:106,0
DA:108,0
DA:110,0
DA:113,0
DA:116,0
DA:119,0
DA:126,0
DA:127,0
DA:140,0
DA:142,0
DA:144,0
DA:146,0
DA:156,4
DA:157,0
DA:159,0
DA:160,0
DA:172,0
DA:173,0
DA:193,4
DA:194,0
DA:201,4
DA:202,0
DA:203,0
DA:204,0
DA:205,0
DA:213,0
LF:50
LH:5
BRDA:37,0,0,0
BRDA:37,0,1,0
BRDA:47,1,0,0
BRDA:47,1,1,0
BRDA:55,2,0,0
BRDA:55,2,1,0
BRDA:71,3,0,0
BRDA:71,3,1,0
BRDA:74,4,0,0
BRDA:74,4,1,0
BRDA:106,5,0,0
BRDA:106,5,1,0
BRDA:121,6,0,0
BRDA:121,6,1,0
BRDA:126,7,0,0
BRDA:126,7,1,0
BRDA:133,8,0,0
BRDA:133,8,1,0
BRDA:134,9,0,0
BRDA:134,9,1,0
BRDA:159,10,0,0
BRDA:159,10,1,0
BRDA:166,11,0,0
BRDA:166,11,1,0
BRDA:167,12,0,0
BRDA:167,12,1,0
BRDA:183,13,0,0
BRDA:183,13,1,0
BRDA:184,14,0,0
BRDA:184,14,1,0
BRF:30
BRH:0
end_of_record
TN:
SF:src\middleware\security.js
FN:2,(anonymous_0)
FNF:1
FNH:1
FNDA:126,(anonymous_0)
DA:2,4
DA:3,126
DA:4,126
DA:5,126
DA:6,126
LF:5
LH:5
BRF:0
BRH:0
end_of_record
TN:
SF:src\middleware\tlsEnforcer.js
FN:3,(anonymous_0)
FNF:1
FNH:1
FNDA:121,(anonymous_0)
DA:3,2
DA:4,121
DA:7,121
DA:8,121
DA:14,0
DA:16,0
DA:17,0
DA:23,0
DA:25,0
DA:26,0
DA:31,0
LF:11
LH:4
BRDA:4,0,0,121
BRDA:4,0,1,121
BRDA:7,1,0,121
BRDA:7,1,1,0
BRDA:14,2,0,0
BRDA:14,2,1,0
BRDA:16,3,0,0
BRDA:16,3,1,0
BRDA:16,4,0,0
BRDA:16,4,1,0
BRDA:25,5,0,0
BRDA:25,5,1,0
BRF:12
BRH:3
end_of_record
TN:
SF:src\middleware\validation.js
FN:12,(anonymous_0)
FN:60,(anonymous_1)
FN:70,(anonymous_2)
FNF:3
FNH:3
FNDA:4,(anonymous_0)
FNDA:4,(anonymous_1)
FNDA:4,(anonymous_2)
DA:12,4
DA:13,4
DA:14,4
DA:15,2
DA:17,2
DA:32,4
DA:61,4
DA:62,0
DA:66,4
DA:71,4
DA:72,4
DA:73,2
DA:78,2
LF:13
LH:12
BRDA:14,0,0,2
BRDA:14,0,1,2
BRDA:61,1,0,0
BRDA:61,1,1,4
BRDA:61,2,0,4
BRDA:61,2,1,0
BRDA:61,2,2,0
BRDA:72,3,0,2
BRDA:72,3,1,2
BRF:9
BRH:6
end_of_record
TN:
SF:src\models\burstRateLimiterModel.js
FN:22,(anonymous_0)
FN:33,(anonymous_1)
FN:50,(anonymous_2)
FN:65,(anonymous_3)
FN:75,(anonymous_4)
FNF:5
FNH:0
FNDA:0,(anonymous_0)
FNDA:0,(anonymous_1)
FNDA:0,(anonymous_2)
FNDA:0,(anonymous_3)
FNDA:0,(anonymous_4)
DA:23,0
DA:24,0
DA:25,0
DA:26,0
DA:34,0
DA:35,0
DA:37,0
DA:41,0
DA:51,0
DA:53,0
DA:54,0
DA:55,0
DA:57,0
DA:66,0
DA:67,0
DA:76,0
DA:77,0
LF:17
LH:0
BRDA:22,0,0,0
BRDA:50,1,0,0
BRDA:50,2,0,0
BRDA:53,3,0,0
BRDA:53,3,1,0
BRDA:65,4,0,0
BRDA:75,5,0,0
BRF:7
BRH:0
end_of_record
TN:
SF:src\models\nodeHealthModel.js
FNF:0
FNH:0
DA:2,2
LF:1
LH:1
BRF:0
BRH:0
end_of_record
TN:
SF:src\models\policyHistoryModel.js
FNF:0
FNH:0
DA:2,4
LF:1
LH:1
BRF:0
BRH:0
end_of_record
TN:
SF:src\models\policyModel.js
FNF:0
FNH:0
DA:12,4
LF:1
LH:1
BRF:0
BRH:0
end_of_record
TN:
SF:src\routes\healthRoutes.js
FNF:0
FNH:0
DA:4,2
DA:6,2
DA:7,2
LF:3
LH:3
BRF:0
BRH:0
end_of_record
TN:
SF:src\routes\policyRoutes.js
FNF:0
FNH:0
DA:12,3
DA:15,3
DA:18,3
DA:21,3
DA:24,3
DA:27,3
DA:30,3
LF:7
LH:7
BRF:0
BRH:0
end_of_record
TN:
SF:src\utils\tlsAuditLogger.js
FN:4,(anonymous_0)
FNF:1
FNH:0
FNDA:0,(anonymous_0)
DA:4,2
DA:5,0
DA:7,0
DA:9,0
LF:4
LH:1
BRF:0
BRH:0
end_of_record
