TN:
SF:src/app.js
FN:24,(anonymous_0)
FN:29,(anonymous_1)
FN:35,(anonymous_2)
FNF:3
FNH:2
FNDA:100,(anonymous_0)
FNDA:0,(anonymous_1)
FNDA:1,(anonymous_2)
DA:9,1
DA:10,1
DA:13,1
DA:14,1
DA:15,1
DA:16,1
DA:17,1
DA:18,1
DA:21,1
DA:24,1
DA:25,100
DA:29,1
DA:30,0
DA:31,0
DA:35,1
LF:15
LH:13
BRDA:10,0,0,1
BRDA:10,0,1,1
BRF:2
BRH:2
end_of_record
TN:
SF:src/controllers/policyController.js
FN:4,(anonymous_0)
FN:12,(anonymous_1)
FNF:2
FNH:2
FNDA:3,(anonymous_0)
FNDA:2,(anonymous_1)
DA:4,3
DA:5,3
DA:12,3
DA:13,2
DA:14,2
DA:16,2
DA:17,2
LF:7
LH:7
BRF:0
BRH:0
end_of_record
TN:
SF:src/middleware/rateLimiter.js
FN:6,(anonymous_0)
FN:16,(anonymous_1)
FNF:2
FNH:2
FNDA:103,(anonymous_0)
FNDA:5250,(anonymous_1)
DA:2,1
DA:3,1
DA:4,1
DA:6,1
DA:7,103
DA:8,103
DA:10,103
DA:11,1
DA:15,103
DA:16,5250
DA:19,103
DA:20,3
DA:26,100
DA:28,100
LF:14
LH:14
BRDA:10,0,0,1
BRDA:10,0,1,102
BRDA:19,1,0,3
BRDA:19,1,1,100
BRF:4
BRH:4
end_of_record
TN:
SF:src/middleware/security.js
FN:2,(anonymous_0)
FNF:1
FNH:1
FNDA:108,(anonymous_0)
DA:2,3
DA:3,108
DA:4,108
DA:5,108
DA:6,108
LF:5
LH:5
BRF:0
BRH:0
end_of_record
TN:
SF:src/middleware/validation.js
FN:9,(anonymous_0)
FNF:1
FNH:1
FNDA:4,(anonymous_0)
DA:4,3
DA:10,4
DA:11,4
DA:12,2
DA:14,2
LF:5
LH:5
BRDA:11,0,0,2
BRDA:11,0,1,2
BRF:2
BRH:2
end_of_record
TN:
SF:src/models/policyModel.js
FNF:0
FNH:0
DA:2,3
LF:1
LH:1
BRF:0
BRH:0
end_of_record
TN:
SF:src/routes/policyRoutes.js
FNF:0
FNH:0
DA:5,2
DA:8,2
DA:11,2
LF:3
LH:3
BRF:0
BRH:0
end_of_record
